<?xml version="1.0" encoding="UTF-8"?>
<coverage generated="1669218859278" clover="3.2.0">
  <project timestamp="1669218859279" name="All files">
    <metrics statements="15" coveredstatements="15" conditionals="8" coveredconditionals="8" methods="3" coveredmethods="3" elements="26" coveredelements="26" complexity="0" loc="15" ncloc="15" packages="1" files="1" classes="1"/>
    <file name="employeeInfos.js" path="/home/allex/Trybe/exercicios/trybe_exercicios/fundamentos/seção-7-Introdução_à_JavaScript_ES6_e_Teste_Unitários/Dia_3/exercicio_bonus/employeeInfos.js">
      <metrics statements="15" coveredstatements="15" conditionals="8" coveredconditionals="8" methods="3" coveredmethods="3"/>
      <line num="2" count="1" type="stmt"/>
      <line num="43" count="1" type="stmt"/>
      <line num="44" count="29" type="cond" truecount="2" falsecount="0"/>
      <line num="47" count="1" type="stmt"/>
      <line num="48" count="24" type="cond" truecount="2" falsecount="0"/>
      <line num="51" count="1" type="stmt"/>
      <line num="52" count="13" type="stmt"/>
      <line num="53" count="11" type="stmt"/>
      <line num="54" count="9" type="stmt"/>
      <line num="55" count="29" type="stmt"/>
      <line num="56" count="27" type="cond" truecount="2" falsecount="0"/>
      <line num="57" count="5" type="cond" truecount="2" falsecount="0"/>
      <line num="58" count="3" type="stmt"/>
      <line num="61" count="2" type="stmt"/>
      <line num="64" count="1" type="stmt"/>
    </file>
  </project>
</coverage>
