{"/home/allex/Trybe/exercicios/trybe_exercicios/fundamentos/seção-7-Introdução_à_JavaScript_ES6_e_Teste_Unitários/Dia_3/exercicio_bonus/employeeInfos.js": {"path":"/home/allex/Trybe/exercicios/trybe_exercicios/fundamentos/seção-7-Introdução_à_JavaScript_ES6_e_Teste_Unitários/Dia_3/exercicio_bonus/employeeInfos.js","statementMap":{"0":{"start":{"line":2,"column":26},"end":{"line":39,"column":1}},"1":{"start":{"line":43,"column":17},"end":{"line":45,"column":1}},"2":{"start":{"line":44,"column":2},"end":{"line":44,"column":94}},"3":{"start":{"line":44,"column":34},"end":{"line":44,"column":94}},"4":{"start":{"line":47,"column":17},"end":{"line":49,"column":1}},"5":{"start":{"line":48,"column":2},"end":{"line":48,"column":69}},"6":{"start":{"line":48,"column":33},"end":{"line":48,"column":69}},"7":{"start":{"line":51,"column":23},"end":{"line":62,"column":1}},"8":{"start":{"line":52,"column":2},"end":{"line":52,"column":15}},"9":{"start":{"line":53,"column":2},"end":{"line":53,"column":19}},"10":{"start":{"line":54,"column":2},"end":{"line":60,"column":3}},"11":{"start":{"line":54,"column":19},"end":{"line":54,"column":20}},"12":{"start":{"line":55,"column":4},"end":{"line":55,"column":39}},"13":{"start":{"line":56,"column":4},"end":{"line":59,"column":5}},"14":{"start":{"line":57,"column":6},"end":{"line":57,"column":101}},"15":{"start":{"line":57,"column":58},"end":{"line":57,"column":101}},"16":{"start":{"line":58,"column":6},"end":{"line":58,"column":46}},"17":{"start":{"line":61,"column":2},"end":{"line":61,"column":41}},"18":{"start":{"line":64,"column":0},"end":{"line":64,"column":53}}},"fnMap":{"0":{"name":"(anonymous_0)","decl":{"start":{"line":43,"column":17},"end":{"line":43,"column":18}},"loc":{"start":{"line":43,"column":29},"end":{"line":45,"column":1}},"line":43},"1":{"name":"(anonymous_1)","decl":{"start":{"line":47,"column":17},"end":{"line":47,"column":18}},"loc":{"start":{"line":47,"column":28},"end":{"line":49,"column":1}},"line":47},"2":{"name":"(anonymous_2)","decl":{"start":{"line":51,"column":23},"end":{"line":51,"column":24}},"loc":{"start":{"line":51,"column":58},"end":{"line":62,"column":1}},"line":51}},"branchMap":{"0":{"loc":{"start":{"line":44,"column":2},"end":{"line":44,"column":94}},"type":"if","locations":[{"start":{"line":44,"column":2},"end":{"line":44,"column":94}},{"start":{},"end":{}}],"line":44},"1":{"loc":{"start":{"line":48,"column":2},"end":{"line":48,"column":69}},"type":"if","locations":[{"start":{"line":48,"column":2},"end":{"line":48,"column":69}},{"start":{},"end":{}}],"line":48},"2":{"loc":{"start":{"line":56,"column":4},"end":{"line":59,"column":5}},"type":"if","locations":[{"start":{"line":56,"column":4},"end":{"line":59,"column":5}},{"start":{},"end":{}}],"line":56},"3":{"loc":{"start":{"line":57,"column":6},"end":{"line":57,"column":101}},"type":"if","locations":[{"start":{"line":57,"column":6},"end":{"line":57,"column":101}},{"start":{},"end":{}}],"line":57}},"s":{"0":1,"1":1,"2":29,"3":2,"4":1,"5":24,"6":4,"7":1,"8":13,"9":11,"10":9,"11":9,"12":29,"13":27,"14":5,"15":2,"16":3,"17":2,"18":1},"f":{"0":29,"1":24,"2":13},"b":{"0":[2,27],"1":[4,20],"2":[5,22],"3":[2,3]},"_coverageSchema":"1a1c01bbd47fc00a2c39e90264f33305004495a9","hash":"733473c44dcbce9070296ea77721557f1fce2824"}
}
