<?xml version="1.0" encoding="UTF-8"?>
<coverage generated="1669206745666" clover="3.2.0">
  <project timestamp="1669206745667" name="All files">
    <metrics statements="50" coveredstatements="49" conditionals="28" coveredconditionals="26" methods="9" coveredmethods="9" elements="87" coveredelements="84" complexity="0" loc="50" ncloc="50" packages="1" files="1" classes="1"/>
    <file name="exercicios.js" path="/home/allex/Trybe/exercicios/trybe_exercicios/fundamentos/seção-7-Introdução_à_JavaScript_ES6_e_Teste_Unitários/Dia_2/exercicios.js">
      <metrics statements="50" coveredstatements="49" conditionals="28" coveredconditionals="26" methods="9" coveredmethods="9"/>
      <line num="2" count="2" type="stmt"/>
      <line num="3" count="2" type="stmt"/>
      <line num="4" count="8" type="cond" truecount="2" falsecount="0"/>
      <line num="5" count="6" type="stmt"/>
      <line num="8" count="2" type="stmt"/>
      <line num="12" count="5" type="cond" truecount="2" falsecount="0"/>
      <line num="13" count="4" type="cond" truecount="4" falsecount="0"/>
      <line num="14" count="3" type="cond" truecount="2" falsecount="0"/>
      <line num="15" count="2" type="cond" truecount="2" falsecount="0"/>
      <line num="16" count="1" type="stmt"/>
      <line num="19" count="1" type="stmt"/>
      <line num="20" count="14" type="stmt"/>
      <line num="21" count="14" type="stmt"/>
      <line num="22" count="14" type="stmt"/>
      <line num="23" count="945" type="stmt"/>
      <line num="24" count="945" type="stmt"/>
      <line num="26" count="945" type="cond" truecount="2" falsecount="0"/>
      <line num="27" count="343" type="stmt"/>
      <line num="29" count="602" type="stmt"/>
      <line num="32" count="14" type="stmt"/>
      <line num="35" count="1" type="stmt"/>
      <line num="36" count="7" type="stmt"/>
      <line num="43" count="7" type="stmt"/>
      <line num="46" count="1" type="stmt"/>
      <line num="47" count="7" type="stmt"/>
      <line num="54" count="7" type="stmt"/>
      <line num="57" count="1" type="stmt"/>
      <line num="58" count="2" type="stmt"/>
      <line num="60" count="2" type="cond" truecount="4" falsecount="0"/>
      <line num="61" count="1" type="stmt"/>
      <line num="62" count="1" type="cond" truecount="1" falsecount="1"/>
      <line num="63" count="0" type="stmt"/>
      <line num="65" count="1" type="stmt"/>
      <line num="66" count="5" type="stmt"/>
      <line num="71" count="1" type="stmt"/>
      <line num="74" count="1" type="stmt"/>
      <line num="75" count="5" type="stmt"/>
      <line num="77" count="5" type="stmt"/>
      <line num="78" count="12" type="stmt"/>
      <line num="80" count="5" type="stmt"/>
      <line num="83" count="1" type="stmt"/>
      <line num="84" count="7" type="stmt"/>
      <line num="86" count="7" type="cond" truecount="2" falsecount="0"/>
      <line num="87" count="6" type="cond" truecount="2" falsecount="0"/>
      <line num="89" count="5" type="stmt"/>
      <line num="90" count="12" type="stmt"/>
      <line num="92" count="5" type="stmt"/>
      <line num="94" count="5" type="cond" truecount="2" falsecount="0"/>
      <line num="95" count="4" type="cond" truecount="1" falsecount="1"/>
      <line num="99" count="1" type="stmt"/>
    </file>
  </project>
</coverage>
