{"/home/allex/Trybe/exercicios/trybe_exercicios/fundamentos/seção-7-Introdução_à_JavaScript_ES6_e_Teste_Unitários/Dia_2/exercicios.js": {"path":"/home/allex/Trybe/exercicios/trybe_exercicios/fundamentos/seção-7-Introdução_à_JavaScript_ES6_e_Teste_Unitários/Dia_2/exercicios.js","statementMap":{"0":{"start":{"line":2,"column":15},"end":{"line":2,"column":17}},"1":{"start":{"line":3,"column":2},"end":{"line":7,"column":3}},"2":{"start":{"line":3,"column":19},"end":{"line":3,"column":20}},"3":{"start":{"line":4,"column":4},"end":{"line":6,"column":5}},"4":{"start":{"line":5,"column":6},"end":{"line":5,"column":30}},"5":{"start":{"line":8,"column":2},"end":{"line":8,"column":16}},"6":{"start":{"line":12,"column":2},"end":{"line":12,"column":44}},"7":{"start":{"line":12,"column":31},"end":{"line":12,"column":44}},"8":{"start":{"line":13,"column":2},"end":{"line":13,"column":56}},"9":{"start":{"line":13,"column":38},"end":{"line":13,"column":56}},"10":{"start":{"line":14,"column":2},"end":{"line":14,"column":35}},"11":{"start":{"line":14,"column":21},"end":{"line":14,"column":35}},"12":{"start":{"line":15,"column":2},"end":{"line":15,"column":35}},"13":{"start":{"line":15,"column":21},"end":{"line":15,"column":35}},"14":{"start":{"line":16,"column":2},"end":{"line":16,"column":13}},"15":{"start":{"line":19,"column":18},"end":{"line":33,"column":1}},"16":{"start":{"line":20,"column":22},"end":{"line":20,"column":38}},"17":{"start":{"line":21,"column":22},"end":{"line":21,"column":24}},"18":{"start":{"line":22,"column":2},"end":{"line":31,"column":3}},"19":{"start":{"line":22,"column":19},"end":{"line":22,"column":20}},"20":{"start":{"line":23,"column":22},"end":{"line":23,"column":40}},"21":{"start":{"line":24,"column":24},"end":{"line":24,"column":44}},"22":{"start":{"line":26,"column":4},"end":{"line":30,"column":5}},"23":{"start":{"line":27,"column":6},"end":{"line":27,"column":36}},"24":{"start":{"line":29,"column":6},"end":{"line":29,"column":34}},"25":{"start":{"line":32,"column":2},"end":{"line":32,"column":30}},"26":{"start":{"line":35,"column":15},"end":{"line":44,"column":1}},"27":{"start":{"line":36,"column":14},"end":{"line":42,"column":3}},"28":{"start":{"line":43,"column":2},"end":{"line":43,"column":32}},"29":{"start":{"line":46,"column":15},"end":{"line":55,"column":1}},"30":{"start":{"line":47,"column":14},"end":{"line":53,"column":3}},"31":{"start":{"line":54,"column":2},"end":{"line":54,"column":32}},"32":{"start":{"line":57,"column":17},"end":{"line":72,"column":1}},"33":{"start":{"line":58,"column":15},"end":{"line":58,"column":17}},"34":{"start":{"line":60,"column":2},"end":{"line":64,"column":3}},"35":{"start":{"line":61,"column":4},"end":{"line":61,"column":20}},"36":{"start":{"line":62,"column":9},"end":{"line":64,"column":3}},"37":{"start":{"line":63,"column":4},"end":{"line":63,"column":50}},"38":{"start":{"line":65,"column":2},"end":{"line":70,"column":3}},"39":{"start":{"line":66,"column":4},"end":{"line":69,"column":7}},"40":{"start":{"line":71,"column":2},"end":{"line":71,"column":14}},"41":{"start":{"line":74,"column":12},"end":{"line":81,"column":1}},"42":{"start":{"line":75,"column":14},"end":{"line":75,"column":15}},"43":{"start":{"line":77,"column":2},"end":{"line":79,"column":3}},"44":{"start":{"line":78,"column":4},"end":{"line":78,"column":17}},"45":{"start":{"line":80,"column":2},"end":{"line":80,"column":15}},"46":{"start":{"line":83,"column":16},"end":{"line":97,"column":1}},"47":{"start":{"line":84,"column":21},"end":{"line":84,"column":23}},"48":{"start":{"line":86,"column":2},"end":{"line":86,"column":125}},"49":{"start":{"line":86,"column":38},"end":{"line":86,"column":125}},"50":{"start":{"line":87,"column":2},"end":{"line":87,"column":60}},"51":{"start":{"line":87,"column":19},"end":{"line":87,"column":60}},"52":{"start":{"line":89,"column":2},"end":{"line":91,"column":5}},"53":{"start":{"line":90,"column":4},"end":{"line":90,"column":35}},"54":{"start":{"line":92,"column":16},"end":{"line":92,"column":31}},"55":{"start":{"line":94,"column":2},"end":{"line":94,"column":43}},"56":{"start":{"line":94,"column":19},"end":{"line":94,"column":43}},"57":{"start":{"line":95,"column":2},"end":{"line":95,"column":49}},"58":{"start":{"line":95,"column":17},"end":{"line":95,"column":49}},"59":{"start":{"line":99,"column":0},"end":{"line":99,"column":75}}},"fnMap":{"0":{"name":"myRemove","decl":{"start":{"line":1,"column":9},"end":{"line":1,"column":17}},"loc":{"start":{"line":1,"column":29},"end":{"line":9,"column":1}},"line":1},"1":{"name":"myFizzBuzz","decl":{"start":{"line":11,"column":9},"end":{"line":11,"column":19}},"loc":{"start":{"line":11,"column":25},"end":{"line":17,"column":1}},"line":11},"2":{"name":"(anonymous_2)","decl":{"start":{"line":19,"column":18},"end":{"line":19,"column":19}},"loc":{"start":{"line":19,"column":41},"end":{"line":33,"column":1}},"line":19},"3":{"name":"(anonymous_3)","decl":{"start":{"line":35,"column":15},"end":{"line":35,"column":16}},"loc":{"start":{"line":35,"column":27},"end":{"line":44,"column":1}},"line":35},"4":{"name":"(anonymous_4)","decl":{"start":{"line":46,"column":15},"end":{"line":46,"column":16}},"loc":{"start":{"line":46,"column":27},"end":{"line":55,"column":1}},"line":46},"5":{"name":"(anonymous_5)","decl":{"start":{"line":57,"column":17},"end":{"line":57,"column":18}},"loc":{"start":{"line":57,"column":37},"end":{"line":72,"column":1}},"line":57},"6":{"name":"(anonymous_6)","decl":{"start":{"line":74,"column":12},"end":{"line":74,"column":13}},"loc":{"start":{"line":74,"column":22},"end":{"line":81,"column":1}},"line":74},"7":{"name":"(anonymous_7)","decl":{"start":{"line":83,"column":16},"end":{"line":83,"column":17}},"loc":{"start":{"line":83,"column":32},"end":{"line":97,"column":1}},"line":83},"8":{"name":"(anonymous_8)","decl":{"start":{"line":89,"column":38},"end":{"line":89,"column":39}},"loc":{"start":{"line":89,"column":49},"end":{"line":91,"column":3}},"line":89}},"branchMap":{"0":{"loc":{"start":{"line":4,"column":4},"end":{"line":6,"column":5}},"type":"if","locations":[{"start":{"line":4,"column":4},"end":{"line":6,"column":5}},{"start":{},"end":{}}],"line":4},"1":{"loc":{"start":{"line":12,"column":2},"end":{"line":12,"column":44}},"type":"if","locations":[{"start":{"line":12,"column":2},"end":{"line":12,"column":44}},{"start":{},"end":{}}],"line":12},"2":{"loc":{"start":{"line":13,"column":2},"end":{"line":13,"column":56}},"type":"if","locations":[{"start":{"line":13,"column":2},"end":{"line":13,"column":56}},{"start":{},"end":{}}],"line":13},"3":{"loc":{"start":{"line":13,"column":6},"end":{"line":13,"column":36}},"type":"binary-expr","locations":[{"start":{"line":13,"column":6},"end":{"line":13,"column":19}},{"start":{"line":13,"column":23},"end":{"line":13,"column":36}}],"line":13},"4":{"loc":{"start":{"line":14,"column":2},"end":{"line":14,"column":35}},"type":"if","locations":[{"start":{"line":14,"column":2},"end":{"line":14,"column":35}},{"start":{},"end":{}}],"line":14},"5":{"loc":{"start":{"line":15,"column":2},"end":{"line":15,"column":35}},"type":"if","locations":[{"start":{"line":15,"column":2},"end":{"line":15,"column":35}},{"start":{},"end":{}}],"line":15},"6":{"loc":{"start":{"line":26,"column":4},"end":{"line":30,"column":5}},"type":"if","locations":[{"start":{"line":26,"column":4},"end":{"line":30,"column":5}},{"start":{"line":28,"column":11},"end":{"line":30,"column":5}}],"line":26},"7":{"loc":{"start":{"line":60,"column":2},"end":{"line":64,"column":3}},"type":"if","locations":[{"start":{"line":60,"column":2},"end":{"line":64,"column":3}},{"start":{"line":62,"column":9},"end":{"line":64,"column":3}}],"line":60},"8":{"loc":{"start":{"line":60,"column":6},"end":{"line":60,"column":36}},"type":"binary-expr","locations":[{"start":{"line":60,"column":6},"end":{"line":60,"column":27}},{"start":{"line":60,"column":31},"end":{"line":60,"column":36}}],"line":60},"9":{"loc":{"start":{"line":62,"column":9},"end":{"line":64,"column":3}},"type":"if","locations":[{"start":{"line":62,"column":9},"end":{"line":64,"column":3}},{"start":{},"end":{}}],"line":62},"10":{"loc":{"start":{"line":86,"column":2},"end":{"line":86,"column":125}},"type":"if","locations":[{"start":{"line":86,"column":2},"end":{"line":86,"column":125}},{"start":{},"end":{}}],"line":86},"11":{"loc":{"start":{"line":87,"column":2},"end":{"line":87,"column":60}},"type":"if","locations":[{"start":{"line":87,"column":2},"end":{"line":87,"column":60}},{"start":{},"end":{}}],"line":87},"12":{"loc":{"start":{"line":94,"column":2},"end":{"line":94,"column":43}},"type":"if","locations":[{"start":{"line":94,"column":2},"end":{"line":94,"column":43}},{"start":{},"end":{}}],"line":94},"13":{"loc":{"start":{"line":95,"column":2},"end":{"line":95,"column":49}},"type":"if","locations":[{"start":{"line":95,"column":2},"end":{"line":95,"column":49}},{"start":{},"end":{}}],"line":95}},"s":{"0":2,"1":2,"2":2,"3":8,"4":6,"5":2,"6":5,"7":1,"8":4,"9":1,"10":3,"11":1,"12":2,"13":1,"14":1,"15":1,"16":14,"17":14,"18":14,"19":14,"20":945,"21":945,"22":945,"23":343,"24":602,"25":14,"26":1,"27":7,"28":7,"29":1,"30":7,"31":7,"32":1,"33":2,"34":2,"35":1,"36":1,"37":0,"38":1,"39":5,"40":1,"41":1,"42":5,"43":5,"44":12,"45":5,"46":1,"47":7,"48":7,"49":1,"50":6,"51":1,"52":5,"53":12,"54":5,"55":5,"56":1,"57":4,"58":4,"59":1},"f":{"0":2,"1":5,"2":14,"3":7,"4":7,"5":2,"6":5,"7":7,"8":12},"b":{"0":[6,2],"1":[1,4],"2":[1,3],"3":[4,2],"4":[1,2],"5":[1,1],"6":[343,602],"7":[1,1],"8":[2,1],"9":[0,1],"10":[1,6],"11":[1,5],"12":[1,4],"13":[4,0]},"_coverageSchema":"1a1c01bbd47fc00a2c39e90264f33305004495a9","hash":"24fccbe9b35682cd35e51aba1e16bc6524c3f7bb"}
}
