TN:
SF:exercicios.js
FN:1,myRemove
FN:11,myFizzBuzz
FN:19,(anonymous_2)
FN:35,(anonymous_3)
FN:46,(anonymous_4)
FN:57,(anonymous_5)
FN:74,(anonymous_6)
FN:83,(anonymous_7)
FN:89,(anonymous_8)
FNF:9
FNH:9
FNDA:2,myRemove
FNDA:5,myFizzBuzz
FNDA:14,(anonymous_2)
FNDA:7,(anonymous_3)
FNDA:7,(anonymous_4)
FNDA:2,(anonymous_5)
FNDA:5,(anonymous_6)
FNDA:7,(anonymous_7)
FNDA:12,(anonymous_8)
DA:2,2
DA:3,2
DA:4,8
DA:5,6
DA:8,2
DA:12,5
DA:13,4
DA:14,3
DA:15,2
DA:16,1
DA:19,1
DA:20,14
DA:21,14
DA:22,14
DA:23,945
DA:24,945
DA:26,945
DA:27,343
DA:29,602
DA:32,14
DA:35,1
DA:36,7
DA:43,7
DA:46,1
DA:47,7
DA:54,7
DA:57,1
DA:58,2
DA:60,2
DA:61,1
DA:62,1
DA:63,0
DA:65,1
DA:66,5
DA:71,1
DA:74,1
DA:75,5
DA:77,5
DA:78,12
DA:80,5
DA:83,1
DA:84,7
DA:86,7
DA:87,6
DA:89,5
DA:90,12
DA:92,5
DA:94,5
DA:95,4
DA:99,1
LF:50
LH:49
BRDA:4,0,0,6
BRDA:4,0,1,2
BRDA:12,1,0,1
BRDA:12,1,1,4
BRDA:13,2,0,1
BRDA:13,2,1,3
BRDA:13,3,0,4
BRDA:13,3,1,2
BRDA:14,4,0,1
BRDA:14,4,1,2
BRDA:15,5,0,1
BRDA:15,5,1,1
BRDA:26,6,0,343
BRDA:26,6,1,602
BRDA:60,7,0,1
BRDA:60,7,1,1
BRDA:60,8,0,2
BRDA:60,8,1,1
BRDA:62,9,0,0
BRDA:62,9,1,1
BRDA:86,10,0,1
BRDA:86,10,1,6
BRDA:87,11,0,1
BRDA:87,11,1,5
BRDA:94,12,0,1
BRDA:94,12,1,4
BRDA:95,13,0,4
BRDA:95,13,1,0
BRF:28
BRH:26
end_of_record
