<?xml version="1.0" encoding="UTF-8"?>
<coverage generated="1670247079219" clover="3.2.0">
  <project timestamp="1670247079219" name="All files">
    <metrics statements="9" coveredstatements="9" conditionals="6" coveredconditionals="6" methods="2" coveredmethods="2" elements="17" coveredelements="17" complexity="0" loc="9" ncloc="9" packages="1" files="2" classes="2"/>
    <file name="exercicio2.js" path="/home/allex/Trybe/exercicios/trybe_exercicios/fundamentos/seção-8-Introdução_a_Higher_Order_Functions_do_JavaScript_ES6/Dia_2/exercicios/exercicio2.js">
      <metrics statements="7" coveredstatements="7" conditionals="6" coveredconditionals="6" methods="2" coveredmethods="2"/>
      <line num="1" count="1" type="stmt"/>
      <line num="3" count="1" type="stmt"/>
      <line num="4" count="5" type="cond" truecount="2" falsecount="0"/>
      <line num="5" count="3" type="stmt"/>
      <line num="6" count="9" type="cond" truecount="4" falsecount="0"/>
      <line num="7" count="7" type="stmt"/>
      <line num="11" count="1" type="stmt"/>
    </file>
    <file name="list.js" path="/home/allex/Trybe/exercicios/trybe_exercicios/fundamentos/seção-8-Introdução_a_Higher_Order_Functions_do_JavaScript_ES6/Dia_2/exercicios/list.js">
      <metrics statements="2" coveredstatements="2" conditionals="0" coveredconditionals="0" methods="0" coveredmethods="0"/>
      <line num="1" count="1" type="stmt"/>
      <line num="64" count="1" type="stmt"/>
    </file>
  </project>
</coverage>
