{"/home/allex/Trybe/exercicios/trybe_exercicios/fundamentos/seção-8-Introdução_a_Higher_Order_Functions_do_JavaScript_ES6/Dia_2/exercicios/exercicio2.js": {"path":"/home/allex/Trybe/exercicios/trybe_exercicios/fundamentos/seção-8-Introdução_a_Higher_Order_Functions_do_JavaScript_ES6/Dia_2/exercicios/exercicio2.js","statementMap":{"0":{"start":{"line":1,"column":14},"end":{"line":1,"column":31}},"1":{"start":{"line":3,"column":33},"end":{"line":9,"column":1}},"2":{"start":{"line":4,"column":2},"end":{"line":4,"column":82}},"3":{"start":{"line":4,"column":29},"end":{"line":4,"column":82}},"4":{"start":{"line":5,"column":2},"end":{"line":8,"column":5}},"5":{"start":{"line":6,"column":4},"end":{"line":6,"column":120}},"6":{"start":{"line":6,"column":58},"end":{"line":6,"column":120}},"7":{"start":{"line":7,"column":4},"end":{"line":7,"column":60}},"8":{"start":{"line":11,"column":0},"end":{"line":11,"column":42}}},"fnMap":{"0":{"name":"(anonymous_0)","decl":{"start":{"line":3,"column":33},"end":{"line":3,"column":34}},"loc":{"start":{"line":3,"column":44},"end":{"line":9,"column":1}},"line":3},"1":{"name":"(anonymous_1)","decl":{"start":{"line":5,"column":19},"end":{"line":5,"column":20}},"loc":{"start":{"line":5,"column":29},"end":{"line":8,"column":3}},"line":5}},"branchMap":{"0":{"loc":{"start":{"line":4,"column":2},"end":{"line":4,"column":82}},"type":"if","locations":[{"start":{"line":4,"column":2},"end":{"line":4,"column":82}},{"start":{},"end":{}}],"line":4},"1":{"loc":{"start":{"line":6,"column":4},"end":{"line":6,"column":120}},"type":"if","locations":[{"start":{"line":6,"column":4},"end":{"line":6,"column":120}},{"start":{},"end":{}}],"line":6},"2":{"loc":{"start":{"line":6,"column":8},"end":{"line":6,"column":56}},"type":"binary-expr","locations":[{"start":{"line":6,"column":8},"end":{"line":6,"column":32}},{"start":{"line":6,"column":36},"end":{"line":6,"column":56}}],"line":6}},"s":{"0":1,"1":1,"2":5,"3":2,"4":3,"5":9,"6":2,"7":7,"8":1},"f":{"0":5,"1":9},"b":{"0":[2,3],"1":[2,7],"2":[9,2]},"_coverageSchema":"1a1c01bbd47fc00a2c39e90264f33305004495a9","hash":"719c9fd28468cfae71218768b0ff181dccc05cdc"}
,"/home/allex/Trybe/exercicios/trybe_exercicios/fundamentos/seção-8-Introdução_a_Higher_Order_Functions_do_JavaScript_ES6/Dia_2/exercicios/list.js": {"path":"/home/allex/Trybe/exercicios/trybe_exercicios/fundamentos/seção-8-Introdução_a_Higher_Order_Functions_do_JavaScript_ES6/Dia_2/exercicios/list.js","statementMap":{"0":{"start":{"line":1,"column":14},"end":{"line":62,"column":1}},"1":{"start":{"line":64,"column":0},"end":{"line":64,"column":23}}},"fnMap":{},"branchMap":{},"s":{"0":1,"1":1},"f":{},"b":{},"_coverageSchema":"1a1c01bbd47fc00a2c39e90264f33305004495a9","hash":"67daadf8d9e911836bc0954bcb3da65683ef592c"}
}
